Using pre-set license
Built from '2020.2/release' branch; Version is '2020.2.4f1 (becced5a802b) revision 12504301'; Using compiler version '192528614'; Build Type 'Release'
OS: 'Windows 10 Home; OS build 19043.1526; Version 2009; 64bit' Language: 'en' Physical Memory: 16317 MB
BatchMode: 1, IsHumanControllingUs: 0, StartBugReporterOnCrash: 0, Is64bit: 1, IsPro: 0

 COMMAND LINE ARGUMENTS:
C:\Program Files\Unity\Hub\Editor\2020.2.4f1\Editor\Unity.exe
-adb2
-batchMode
-noUpm
-name
AssetImportWorker0
-projectPath
D:/Unity Projects/TeachingProjects/YukiGeekEdu/YukiPlantvZombie
-logFile
Logs/AssetImportWorker0.log
-srvPort
63467
Successfully changed project path to: D:/Unity Projects/TeachingProjects/YukiGeekEdu/YukiPlantvZombie
D:/Unity Projects/TeachingProjects/YukiGeekEdu/YukiPlantvZombie
Using Asset Import Pipeline V2.
Refreshing native plugins compatible for Editor in 32.27 ms, found 1 plugins.
Preloading 0 native plugins for Editor in 0.00 ms.
Initialize engine version: 2020.2.4f1 (becced5a802b)
[Subsystems] Discovering subsystems at path C:/Program Files/Unity/Hub/Editor/2020.2.4f1/Editor/Data/Resources/UnitySubsystems
[Subsystems] Discovering subsystems at path D:/Unity Projects/TeachingProjects/YukiGeekEdu/YukiPlantvZombie/Assets
GfxDevice: creating device client; threaded=0
Direct3D:
    Version:  Direct3D 11.0 [level 11.1]
    Renderer: NVIDIA GeForce RTX 2060 SUPER (ID=0x1f06)
    Vendor:   
    VRAM:     8031 MB
    Driver:   30.0.14.7196
Initialize mono
Mono path[0] = 'C:/Program Files/Unity/Hub/Editor/2020.2.4f1/Editor/Data/Managed'
Mono path[1] = 'C:/Program Files/Unity/Hub/Editor/2020.2.4f1/Editor/Data/MonoBleedingEdge/lib/mono/unityjit'
Mono config path = 'C:/Program Files/Unity/Hub/Editor/2020.2.4f1/Editor/Data/MonoBleedingEdge/etc'
Using monoOptions --debugger-agent=transport=dt_socket,embedding=1,server=y,suspend=n,address=127.0.0.1:56388
Begin MonoManager ReloadAssembly
Registering precompiled unity dll's ...
Register platform support module: C:/Program Files/Unity/Hub/Editor/2020.2.4f1/Editor/Data/PlaybackEngines/WebGLSupport/UnityEditor.WebGL.Extensions.dll
Register platform support module: C:/Program Files/Unity/Hub/Editor/2020.2.4f1/Editor/Data/PlaybackEngines/WindowsStandaloneSupport/UnityEditor.WindowsStandalone.Extensions.dll
Registered in 0.002986 seconds.
Native extension for WindowsStandalone target not found
Native extension for WebGL target not found
Refreshing native plugins compatible for Editor in 35.98 ms, found 1 plugins.
Preloading 0 native plugins for Editor in 0.00 ms.
Invoked RoslynAnalysisRunner static constructor.
RoslynAnalysisRunner will not be running.
RoslynAnalysisRunner has terminated.
Mono: successfully reloaded assembly
- Completed reload, in  2.047 seconds
Platform modules already initialized, skipping
Registering precompiled user dll's ...
Registered in 0.000704 seconds.
Begin MonoManager ReloadAssembly
Native extension for WindowsStandalone target not found
Native extension for WebGL target not found
Refreshing native plugins compatible for Editor in 41.10 ms, found 1 plugins.
Preloading 0 native plugins for Editor in 0.00 ms.
Invoked RoslynAnalysisRunner static constructor.
RoslynAnalysisRunner will not be running.
RoslynAnalysisRunner has terminated.
Mono: successfully reloaded assembly
- Completed reload, in  0.912 seconds
Platform modules already initialized, skipping
========================================================================
Worker process is ready to serve import requests
Launched and connected shader compiler UnityShaderCompiler.exe after 0.04 seconds
Refreshing native plugins compatible for Editor in 0.34 ms, found 1 plugins.
Preloading 0 native plugins for Editor in 0.00 ms.
Unloading 1797 Unused Serialized files (Serialized files now loaded: 0)
System memory in use before: 84.3 MB.
System memory in use after: 84.3 MB.

Unloading 24 unused Assets to reduce memory usage. Loaded Objects now: 2238.
Total: 2.788200 ms (FindLiveObjects: 0.401300 ms CreateObjectMapping: 0.205200 ms MarkObjects: 2.064200 ms  DeleteObjects: 0.115500 ms)

========================================================================
Received Import Request.
  path: Assets
  artifactKey: Guid(00000000000000001000000000000000) Importer(815301076,1909f56bfc062723c751e8b465ee728b)
Start importing Assets using Guid(00000000000000001000000000000000) Importer(815301076,1909f56bfc062723c751e8b465ee728b)  -> (artifact id: 'edc3feb264a98656617d3c2cb59c8f16') in 0.012463 seconds
  Import took 0.029351 seconds .

========================================================================
Received Import Request.
  Time since last request: 7.518549 seconds.
  path: Assets/Sprites
  artifactKey: Guid(abfec78fffc06fc47963c0c8bb9d480e) Importer(815301076,1909f56bfc062723c751e8b465ee728b)
Start importing Assets/Sprites using Guid(abfec78fffc06fc47963c0c8bb9d480e) Importer(815301076,1909f56bfc062723c751e8b465ee728b)  -> (artifact id: 'a8fe8ca5afebb06d866e5782772f1312') in 0.009985 seconds
  Import took 0.027476 seconds .

========================================================================
Received Import Request.
  Time since last request: 27.534361 seconds.
  path: Assets/Sprites/Sunflower.png
  artifactKey: Guid(093cd09778fbcc046901ad5f42d4d784) Importer(815301076,1909f56bfc062723c751e8b465ee728b)
Start importing Assets/Sprites/Sunflower.png using Guid(093cd09778fbcc046901ad5f42d4d784) Importer(815301076,1909f56bfc062723c751e8b465ee728b)  -> (artifact id: '8ae2f9a3bac7d2e9c71d64a2e6164356') in 0.104313 seconds
  Import took 0.107598 seconds .

========================================================================
Received Import Request.
  Time since last request: 0.000204 seconds.
  path: Assets/Sprites/PotatoMine.png
  artifactKey: Guid(73a99b2695cfceb43b00589e7a35a1d2) Importer(815301076,1909f56bfc062723c751e8b465ee728b)
Start importing Assets/Sprites/PotatoMine.png using Guid(73a99b2695cfceb43b00589e7a35a1d2) Importer(815301076,1909f56bfc062723c751e8b465ee728b)  -> (artifact id: 'd3c016497373267d229d517a8320e1c7') in 0.020187 seconds
  Import took 0.023751 seconds .

========================================================================
Received Import Request.
  Time since last request: 0.000195 seconds.
  path: Assets/Sprites/Peashooter.png
  artifactKey: Guid(6caf0bb057399334283a7c0f7d7b42b1) Importer(815301076,1909f56bfc062723c751e8b465ee728b)
Start importing Assets/Sprites/Peashooter.png using Guid(6caf0bb057399334283a7c0f7d7b42b1) Importer(815301076,1909f56bfc062723c751e8b465ee728b)  -> (artifact id: 'd2d7fdce9b527e18040f6efd04f16800') in 0.019496 seconds
  Import took 0.023176 seconds .

========================================================================
Received Import Request.
  Time since last request: 0.000266 seconds.
  path: Assets/Sprites/Walnut.png
  artifactKey: Guid(2fb808968190907459531b6fb88453cb) Importer(815301076,1909f56bfc062723c751e8b465ee728b)
Start importing Assets/Sprites/Walnut.png using Guid(2fb808968190907459531b6fb88453cb) Importer(815301076,1909f56bfc062723c751e8b465ee728b)  -> (artifact id: 'aa934bab0c4ae17a917261ca90697a6d') in 0.019704 seconds
  Import took 0.022826 seconds .

========================================================================
Received Import Request.
  Time since last request: 0.000218 seconds.
  path: Assets/Sprites/Zombie.png
  artifactKey: Guid(d0c4bdfcd0718a547a350d3a5c9ece2a) Importer(815301076,1909f56bfc062723c751e8b465ee728b)
Start importing Assets/Sprites/Zombie.png using Guid(d0c4bdfcd0718a547a350d3a5c9ece2a) Importer(815301076,1909f56bfc062723c751e8b465ee728b)  -> (artifact id: 'efbe9c1181fe80491c785e310c689d63') in 0.017558 seconds
  Import took 0.023019 seconds .

========================================================================
Received Import Request.
  Time since last request: 182.556292 seconds.
  path: Assets/GameManager.cs
  artifactKey: Guid(1a39ca0331a07814da53c5e793c50c50) Importer(815301076,1909f56bfc062723c751e8b465ee728b)
Start importing Assets/GameManager.cs using Guid(1a39ca0331a07814da53c5e793c50c50) Importer(815301076,1909f56bfc062723c751e8b465ee728b)  -> (artifact id: '24d482fa131299d03bdb66e0db2f078e') in 0.016145 seconds
  Import took 0.019789 seconds .

========================================================================
Received Prepare
Registering precompiled user dll's ...
Registered in 0.000830 seconds.
Begin MonoManager ReloadAssembly
Native extension for WindowsStandalone target not found
Native extension for WebGL target not found
Refreshing native plugins compatible for Editor in 0.44 ms, found 1 plugins.
Preloading 0 native plugins for Editor in 0.00 ms.
Invoked RoslynAnalysisRunner static constructor.
RoslynAnalysisRunner will not be running.
RoslynAnalysisRunner has terminated.
Mono: successfully reloaded assembly
- Completed reload, in  0.842 seconds
Platform modules already initialized, skipping
Refreshing native plugins compatible for Editor in 0.34 ms, found 1 plugins.
Preloading 0 native plugins for Editor in 0.00 ms.
Unloading 1793 Unused Serialized files (Serialized files now loaded: 0)
System memory in use before: 87.4 MB.
System memory in use after: 87.4 MB.

Unloading 12 unused Assets to reduce memory usage. Loaded Objects now: 2248.
Total: 2.137600 ms (FindLiveObjects: 0.266500 ms CreateObjectMapping: 0.043000 ms MarkObjects: 1.733800 ms  DeleteObjects: 0.093400 ms)

========================================================================
Received Prepare
Registering precompiled user dll's ...
Registered in 0.000979 seconds.
Begin MonoManager ReloadAssembly
Native extension for WindowsStandalone target not found
Native extension for WebGL target not found
Refreshing native plugins compatible for Editor in 0.45 ms, found 1 plugins.
Preloading 0 native plugins for Editor in 0.00 ms.
Invoked RoslynAnalysisRunner static constructor.
RoslynAnalysisRunner will not be running.
RoslynAnalysisRunner has terminated.
Mono: successfully reloaded assembly
- Completed reload, in  0.805 seconds
Platform modules already initialized, skipping
Refreshing native plugins compatible for Editor in 0.32 ms, found 1 plugins.
Preloading 0 native plugins for Editor in 0.00 ms.
Unloading 1793 Unused Serialized files (Serialized files now loaded: 0)
System memory in use before: 87.4 MB.
System memory in use after: 87.4 MB.

Unloading 12 unused Assets to reduce memory usage. Loaded Objects now: 2251.
Total: 3.111400 ms (FindLiveObjects: 0.352600 ms CreateObjectMapping: 0.045000 ms MarkObjects: 2.559300 ms  DeleteObjects: 0.152500 ms)

========================================================================
Received Import Request.
  Time since last request: 129.831831 seconds.
  path: Assets/GameManager.cs
  artifactKey: Guid(1a39ca0331a07814da53c5e793c50c50) Importer(815301076,1909f56bfc062723c751e8b465ee728b)
Start importing Assets/GameManager.cs using Guid(1a39ca0331a07814da53c5e793c50c50) Importer(815301076,1909f56bfc062723c751e8b465ee728b)  -> (artifact id: '640f5f5bcebc2290f04800cc822955e3') in 0.005222 seconds
  Import took 0.009192 seconds .

========================================================================
Received Import Request.
  Time since last request: 23.485427 seconds.
  path: Assets/PlantBuilding.cs
  artifactKey: Guid(512091bf89b53d6478cb195633a834ad) Importer(815301076,1909f56bfc062723c751e8b465ee728b)
Start importing Assets/PlantBuilding.cs using Guid(512091bf89b53d6478cb195633a834ad) Importer(815301076,1909f56bfc062723c751e8b465ee728b)  -> (artifact id: 'c6229f791b2203123816c4fa4aa65709') in 0.006807 seconds
  Import took 0.024212 seconds .

========================================================================
Received Prepare
Registering precompiled user dll's ...
Registered in 0.001282 seconds.
Begin MonoManager ReloadAssembly
Native extension for WindowsStandalone target not found
Native extension for WebGL target not found
Refreshing native plugins compatible for Editor in 0.58 ms, found 1 plugins.
Preloading 0 native plugins for Editor in 0.00 ms.
Invoked RoslynAnalysisRunner static constructor.
RoslynAnalysisRunner will not be running.
RoslynAnalysisRunner has terminated.
Mono: successfully reloaded assembly
- Completed reload, in  0.875 seconds
Platform modules already initialized, skipping
Refreshing native plugins compatible for Editor in 1.04 ms, found 1 plugins.
Preloading 0 native plugins for Editor in 0.00 ms.
Unloading 1794 Unused Serialized files (Serialized files now loaded: 0)
System memory in use before: 87.5 MB.
System memory in use after: 87.5 MB.

Unloading 12 unused Assets to reduce memory usage. Loaded Objects now: 2255.
Total: 2.286400 ms (FindLiveObjects: 0.422500 ms CreateObjectMapping: 0.070800 ms MarkObjects: 1.685200 ms  DeleteObjects: 0.106300 ms)

========================================================================
Received Prepare
Registering precompiled user dll's ...
Registered in 0.000834 seconds.
Begin MonoManager ReloadAssembly
Native extension for WindowsStandalone target not found
Native extension for WebGL target not found
Refreshing native plugins compatible for Editor in 0.35 ms, found 1 plugins.
Preloading 0 native plugins for Editor in 0.00 ms.
Invoked RoslynAnalysisRunner static constructor.
RoslynAnalysisRunner will not be running.
RoslynAnalysisRunner has terminated.
Mono: successfully reloaded assembly
- Completed reload, in  0.787 seconds
Platform modules already initialized, skipping
Refreshing native plugins compatible for Editor in 0.37 ms, found 1 plugins.
Preloading 0 native plugins for Editor in 0.00 ms.
Unloading 1794 Unused Serialized files (Serialized files now loaded: 0)
System memory in use before: 87.5 MB.
System memory in use after: 87.5 MB.

Unloading 12 unused Assets to reduce memory usage. Loaded Objects now: 2258.
Total: 3.565900 ms (FindLiveObjects: 0.718300 ms CreateObjectMapping: 0.066800 ms MarkObjects: 2.628000 ms  DeleteObjects: 0.149400 ms)

========================================================================
Received Import Request.
  Time since last request: 37.204326 seconds.
  path: Assets/PlantBuilding.cs
  artifactKey: Guid(512091bf89b53d6478cb195633a834ad) Importer(815301076,1909f56bfc062723c751e8b465ee728b)
Start importing Assets/PlantBuilding.cs using Guid(512091bf89b53d6478cb195633a834ad) Importer(815301076,1909f56bfc062723c751e8b465ee728b)  -> (artifact id: '3c17b78021231c6cdde76f9e3d792e56') in 0.008004 seconds
  Import took 0.032648 seconds .

========================================================================
Received Import Request.
  Time since last request: 216.241213 seconds.
  path: Assets/Tile.cs
  artifactKey: Guid(ae8671749d38c9a4da86938fbeaf3599) Importer(815301076,1909f56bfc062723c751e8b465ee728b)
Start importing Assets/Tile.cs using Guid(ae8671749d38c9a4da86938fbeaf3599) Importer(815301076,1909f56bfc062723c751e8b465ee728b)  -> (artifact id: 'aaf800134574c48665c3a8aadfc1f25a') in 0.011359 seconds
  Import took 0.015976 seconds .

========================================================================
Received Prepare
Registering precompiled user dll's ...
Registered in 0.000874 seconds.
Begin MonoManager ReloadAssembly
Native extension for WindowsStandalone target not found
Native extension for WebGL target not found
Refreshing native plugins compatible for Editor in 0.45 ms, found 1 plugins.
Preloading 0 native plugins for Editor in 0.00 ms.
Invoked RoslynAnalysisRunner static constructor.
RoslynAnalysisRunner will not be running.
RoslynAnalysisRunner has terminated.
Mono: successfully reloaded assembly
- Completed reload, in  0.913 seconds
Platform modules already initialized, skipping
Refreshing native plugins compatible for Editor in 0.69 ms, found 1 plugins.
Preloading 0 native plugins for Editor in 0.00 ms.
Unloading 1795 Unused Serialized files (Serialized files now loaded: 0)
System memory in use before: 87.5 MB.
System memory in use after: 87.5 MB.

Unloading 12 unused Assets to reduce memory usage. Loaded Objects now: 2262.
Total: 2.846500 ms (FindLiveObjects: 0.316500 ms CreateObjectMapping: 0.065400 ms MarkObjects: 2.356400 ms  DeleteObjects: 0.107200 ms)

========================================================================
Received Prepare
Registering precompiled user dll's ...
Registered in 0.001567 seconds.
Begin MonoManager ReloadAssembly
Native extension for WindowsStandalone target not found
Native extension for WebGL target not found
Refreshing native plugins compatible for Editor in 0.42 ms, found 1 plugins.
Preloading 0 native plugins for Editor in 0.00 ms.
Invoked RoslynAnalysisRunner static constructor.
RoslynAnalysisRunner will not be running.
RoslynAnalysisRunner has terminated.
Mono: successfully reloaded assembly
- Completed reload, in  0.837 seconds
Platform modules already initialized, skipping
Refreshing native plugins compatible for Editor in 0.38 ms, found 1 plugins.
Preloading 0 native plugins for Editor in 0.00 ms.
Unloading 1795 Unused Serialized files (Serialized files now loaded: 0)
System memory in use before: 87.5 MB.
System memory in use after: 87.5 MB.

Unloading 12 unused Assets to reduce memory usage. Loaded Objects now: 2265.
Total: 2.489000 ms (FindLiveObjects: 0.377200 ms CreateObjectMapping: 0.051500 ms MarkObjects: 1.944800 ms  DeleteObjects: 0.114200 ms)

========================================================================
Received Import Request.
  Time since last request: 38.260206 seconds.
  path: Assets/Tile.cs
  artifactKey: Guid(ae8671749d38c9a4da86938fbeaf3599) Importer(815301076,1909f56bfc062723c751e8b465ee728b)
Start importing Assets/Tile.cs using Guid(ae8671749d38c9a4da86938fbeaf3599) Importer(815301076,1909f56bfc062723c751e8b465ee728b)  -> (artifact id: '3ecf2644155b2bcd063f172a66386130') in 0.004896 seconds
  Import took 0.008475 seconds .

========================================================================
Received Import Request.
  Time since last request: 102.946625 seconds.
  path: Assets/CustomCursor.cs
  artifactKey: Guid(9db398f9c7674df4a9a60e4fd810e2eb) Importer(815301076,1909f56bfc062723c751e8b465ee728b)
Start importing Assets/CustomCursor.cs using Guid(9db398f9c7674df4a9a60e4fd810e2eb) Importer(815301076,1909f56bfc062723c751e8b465ee728b)  -> (artifact id: '1936bc59793bc57e1b5aa1976788cd2a') in 0.006603 seconds
  Import took 0.027746 seconds .

========================================================================
Received Prepare
Registering precompiled user dll's ...
Registered in 0.001119 seconds.
Begin MonoManager ReloadAssembly
Native extension for WindowsStandalone target not found
Native extension for WebGL target not found
Refreshing native plugins compatible for Editor in 0.90 ms, found 1 plugins.
Preloading 0 native plugins for Editor in 0.00 ms.
Invoked RoslynAnalysisRunner static constructor.
RoslynAnalysisRunner will not be running.
RoslynAnalysisRunner has terminated.
Mono: successfully reloaded assembly
- Completed reload, in  0.874 seconds
Platform modules already initialized, skipping
Refreshing native plugins compatible for Editor in 0.38 ms, found 1 plugins.
Preloading 0 native plugins for Editor in 0.00 ms.
Unloading 1796 Unused Serialized files (Serialized files now loaded: 0)
System memory in use before: 87.6 MB.
System memory in use after: 87.5 MB.

Unloading 12 unused Assets to reduce memory usage. Loaded Objects now: 2269.
Total: 6.391400 ms (FindLiveObjects: 0.993100 ms CreateObjectMapping: 0.086800 ms MarkObjects: 4.912200 ms  DeleteObjects: 0.393000 ms)

========================================================================
Received Prepare
Registering precompiled user dll's ...
Registered in 0.000888 seconds.
Begin MonoManager ReloadAssembly
Native extension for WindowsStandalone target not found
Native extension for WebGL target not found
Refreshing native plugins compatible for Editor in 0.34 ms, found 1 plugins.
Preloading 0 native plugins for Editor in 0.00 ms.
Invoked RoslynAnalysisRunner static constructor.
RoslynAnalysisRunner will not be running.
RoslynAnalysisRunner has terminated.
Mono: successfully reloaded assembly
- Completed reload, in  0.837 seconds
Platform modules already initialized, skipping
Refreshing native plugins compatible for Editor in 0.40 ms, found 1 plugins.
Preloading 0 native plugins for Editor in 0.00 ms.
Unloading 1796 Unused Serialized files (Serialized files now loaded: 0)
System memory in use before: 87.6 MB.
System memory in use after: 87.6 MB.

Unloading 12 unused Assets to reduce memory usage. Loaded Objects now: 2272.
Total: 4.962100 ms (FindLiveObjects: 0.900600 ms CreateObjectMapping: 0.088300 ms MarkObjects: 3.813200 ms  DeleteObjects: 0.156600 ms)

========================================================================
Received Import Request.
  Time since last request: 101.570636 seconds.
  path: Assets/CustomCursor.cs
  artifactKey: Guid(9db398f9c7674df4a9a60e4fd810e2eb) Importer(815301076,1909f56bfc062723c751e8b465ee728b)
Start importing Assets/CustomCursor.cs using Guid(9db398f9c7674df4a9a60e4fd810e2eb) Importer(815301076,1909f56bfc062723c751e8b465ee728b)  -> (artifact id: '7d994cc8c1c286a1fabe878809910fa7') in 0.007305 seconds
  Import took 0.040580 seconds .

========================================================================
Received Prepare
Registering precompiled user dll's ...
Registered in 0.001028 seconds.
Begin MonoManager ReloadAssembly
Native extension for WindowsStandalone target not found
Native extension for WebGL target not found
Refreshing native plugins compatible for Editor in 0.35 ms, found 1 plugins.
Preloading 0 native plugins for Editor in 0.00 ms.
Invoked RoslynAnalysisRunner static constructor.
RoslynAnalysisRunner will not be running.
RoslynAnalysisRunner has terminated.
Mono: successfully reloaded assembly
- Completed reload, in  0.791 seconds
Platform modules already initialized, skipping
Refreshing native plugins compatible for Editor in 0.39 ms, found 1 plugins.
Preloading 0 native plugins for Editor in 0.00 ms.
Unloading 1796 Unused Serialized files (Serialized files now loaded: 0)
System memory in use before: 87.6 MB.
System memory in use after: 87.6 MB.

Unloading 12 unused Assets to reduce memory usage. Loaded Objects now: 2275.
Total: 4.117700 ms (FindLiveObjects: 0.729300 ms CreateObjectMapping: 0.108800 ms MarkObjects: 3.143400 ms  DeleteObjects: 0.132400 ms)

========================================================================
Received Prepare
Registering precompiled user dll's ...
Registered in 0.002618 seconds.
Begin MonoManager ReloadAssembly
Native extension for WindowsStandalone target not found
Native extension for WebGL target not found
Refreshing native plugins compatible for Editor in 0.37 ms, found 1 plugins.
Preloading 0 native plugins for Editor in 0.00 ms.
Invoked RoslynAnalysisRunner static constructor.
RoslynAnalysisRunner will not be running.
RoslynAnalysisRunner has terminated.
Mono: successfully reloaded assembly
- Completed reload, in  0.753 seconds
Platform modules already initialized, skipping
Refreshing native plugins compatible for Editor in 0.34 ms, found 1 plugins.
Preloading 0 native plugins for Editor in 0.00 ms.
Unloading 1796 Unused Serialized files (Serialized files now loaded: 0)
System memory in use before: 87.6 MB.
System memory in use after: 87.6 MB.

Unloading 12 unused Assets to reduce memory usage. Loaded Objects now: 2278.
Total: 2.242200 ms (FindLiveObjects: 0.274000 ms CreateObjectMapping: 0.043300 ms MarkObjects: 1.819900 ms  DeleteObjects: 0.103400 ms)

========================================================================
Received Import Request.
  Time since last request: 405.288739 seconds.
  path: Assets/GameManager.cs
  artifactKey: Guid(1a39ca0331a07814da53c5e793c50c50) Importer(815301076,1909f56bfc062723c751e8b465ee728b)
Start importing Assets/GameManager.cs using Guid(1a39ca0331a07814da53c5e793c50c50) Importer(815301076,1909f56bfc062723c751e8b465ee728b)  -> (artifact id: '2f06bfe9959d844e9128e42ac7ff07a0') in 0.008627 seconds
  Import took 0.012208 seconds .

========================================================================
Received Import Request.
  Time since last request: 121.462474 seconds.
  path: Assets/Prefabs/Sunflower.prefab
  artifactKey: Guid(3ae140a40ecce3448aef9db21ced01d5) Importer(815301076,1909f56bfc062723c751e8b465ee728b)
Start importing Assets/Prefabs/Sunflower.prefab using Guid(3ae140a40ecce3448aef9db21ced01d5) Importer(815301076,1909f56bfc062723c751e8b465ee728b)  -> (artifact id: '3f2f2adc2d6d3e62ea25c6d70087adde') in 0.065016 seconds
  Import took 0.068455 seconds .

========================================================================
Received Prepare
Registering precompiled user dll's ...
Registered in 0.001036 seconds.
Begin MonoManager ReloadAssembly
Native extension for WindowsStandalone target not found
Native extension for WebGL target not found
Refreshing native plugins compatible for Editor in 0.41 ms, found 1 plugins.
Preloading 0 native plugins for Editor in 0.00 ms.
Invoked RoslynAnalysisRunner static constructor.
RoslynAnalysisRunner will not be running.
RoslynAnalysisRunner has terminated.
Mono: successfully reloaded assembly
- Completed reload, in  0.839 seconds
Platform modules already initialized, skipping
Refreshing native plugins compatible for Editor in 0.40 ms, found 1 plugins.
Preloading 0 native plugins for Editor in 0.00 ms.
Unloading 1796 Unused Serialized files (Serialized files now loaded: 0)
System memory in use before: 87.6 MB.
System memory in use after: 87.6 MB.

Unloading 12 unused Assets to reduce memory usage. Loaded Objects now: 2285.
Total: 2.657300 ms (FindLiveObjects: 0.595500 ms CreateObjectMapping: 0.120800 ms MarkObjects: 1.825000 ms  DeleteObjects: 0.112500 ms)

========================================================================
Received Prepare
Registering precompiled user dll's ...
Registered in 0.001099 seconds.
Begin MonoManager ReloadAssembly
Native extension for WindowsStandalone target not found
Native extension for WebGL target not found
Refreshing native plugins compatible for Editor in 0.61 ms, found 1 plugins.
Preloading 0 native plugins for Editor in 0.00 ms.
Invoked RoslynAnalysisRunner static constructor.
RoslynAnalysisRunner will not be running.
RoslynAnalysisRunner has terminated.
Mono: successfully reloaded assembly
- Completed reload, in  0.765 seconds
Platform modules already initialized, skipping
Refreshing native plugins compatible for Editor in 0.66 ms, found 1 plugins.
Preloading 0 native plugins for Editor in 0.00 ms.
Unloading 1796 Unused Serialized files (Serialized files now loaded: 0)
System memory in use before: 87.6 MB.
System memory in use after: 87.6 MB.

Unloading 12 unused Assets to reduce memory usage. Loaded Objects now: 2288.
Total: 2.048700 ms (FindLiveObjects: 0.244000 ms CreateObjectMapping: 0.042900 ms MarkObjects: 1.654500 ms  DeleteObjects: 0.106300 ms)

========================================================================
Received Import Request.
  Time since last request: 973.749872 seconds.
  path: Assets/Sprites/Sun.png
  artifactKey: Guid(049dbde5c99c2fe41a25f7a3ec78de3c) Importer(815301076,1909f56bfc062723c751e8b465ee728b)
Start importing Assets/Sprites/Sun.png using Guid(049dbde5c99c2fe41a25f7a3ec78de3c) Importer(815301076,1909f56bfc062723c751e8b465ee728b)  -> (artifact id: '1d2f65362aa5b2b400dfdc8e0f58f580') in 0.053544 seconds
  Import took 0.057278 seconds .

========================================================================
Received Import Request.
  Time since last request: 0.001896 seconds.
  path: Assets/Sprites/Sun.png
  artifactKey: Guid(049dbde5c99c2fe41a25f7a3ec78de3c) Importer(815301076,1909f56bfc062723c751e8b465ee728b)
Start importing Assets/Sprites/Sun.png using Guid(049dbde5c99c2fe41a25f7a3ec78de3c) Importer(815301076,1909f56bfc062723c751e8b465ee728b)  -> (artifact id: '1d2f65362aa5b2b400dfdc8e0f58f580') in 0.018535 seconds
  Import took 0.021282 seconds .

========================================================================
Received Import Request.
  Time since last request: 107.465071 seconds.
  path: Assets/Sun.cs
  artifactKey: Guid(6062ad7d500248c49b4dce2b9ebd2ab1) Importer(815301076,1909f56bfc062723c751e8b465ee728b)
Start importing Assets/Sun.cs using Guid(6062ad7d500248c49b4dce2b9ebd2ab1) Importer(815301076,1909f56bfc062723c751e8b465ee728b)  -> (artifact id: 'e2864d43aa63da63b6fdaf5ce90c771a') in 0.005938 seconds
  Import took 0.011390 seconds .

========================================================================
Received Prepare
Registering precompiled user dll's ...
Registered in 0.000692 seconds.
Begin MonoManager ReloadAssembly
Native extension for WindowsStandalone target not found
Native extension for WebGL target not found
Refreshing native plugins compatible for Editor in 0.40 ms, found 1 plugins.
Preloading 0 native plugins for Editor in 0.00 ms.
Invoked RoslynAnalysisRunner static constructor.
RoslynAnalysisRunner will not be running.
RoslynAnalysisRunner has terminated.
Mono: successfully reloaded assembly
- Completed reload, in  0.909 seconds
Platform modules already initialized, skipping
Refreshing native plugins compatible for Editor in 0.41 ms, found 1 plugins.
Preloading 0 native plugins for Editor in 0.00 ms.
Unloading 1797 Unused Serialized files (Serialized files now loaded: 0)
System memory in use before: 87.7 MB.
System memory in use after: 87.7 MB.

Unloading 12 unused Assets to reduce memory usage. Loaded Objects now: 2293.
Total: 4.111400 ms (FindLiveObjects: 1.014900 ms CreateObjectMapping: 0.071100 ms MarkObjects: 2.897800 ms  DeleteObjects: 0.123200 ms)

========================================================================
Received Prepare
Registering precompiled user dll's ...
Registered in 0.001696 seconds.
Begin MonoManager ReloadAssembly
Native extension for WindowsStandalone target not found
Native extension for WebGL target not found
Refreshing native plugins compatible for Editor in 0.47 ms, found 1 plugins.
Preloading 0 native plugins for Editor in 0.00 ms.
Invoked RoslynAnalysisRunner static constructor.
RoslynAnalysisRunner will not be running.
RoslynAnalysisRunner has terminated.
Mono: successfully reloaded assembly
- Completed reload, in  0.778 seconds
Platform modules already initialized, skipping
Refreshing native plugins compatible for Editor in 0.46 ms, found 1 plugins.
Preloading 0 native plugins for Editor in 0.00 ms.
Unloading 1797 Unused Serialized files (Serialized files now loaded: 0)
System memory in use before: 87.7 MB.
System memory in use after: 87.7 MB.

Unloading 12 unused Assets to reduce memory usage. Loaded Objects now: 2296.
Total: 2.690100 ms (FindLiveObjects: 0.525100 ms CreateObjectMapping: 0.162600 ms MarkObjects: 1.902900 ms  DeleteObjects: 0.097900 ms)

========================================================================
Received Import Request.
  Time since last request: 708.892782 seconds.
  path: Assets/Sun.cs
  artifactKey: Guid(6062ad7d500248c49b4dce2b9ebd2ab1) Importer(815301076,1909f56bfc062723c751e8b465ee728b)
Start importing Assets/Sun.cs using Guid(6062ad7d500248c49b4dce2b9ebd2ab1) Importer(815301076,1909f56bfc062723c751e8b465ee728b)  -> (artifact id: 'a886ecf733a9d4614e27ae6ae9a5c5e3') in 0.005323 seconds
  Import took 0.008559 seconds .

========================================================================
Received Import Request.
  Time since last request: 24.680241 seconds.
  path: ProjectSettings/TagManager.asset
  artifactKey: Guid(00000000000000003000000000000000) Importer(815301076,1909f56bfc062723c751e8b465ee728b)
Start importing ProjectSettings/TagManager.asset using Guid(00000000000000003000000000000000) Importer(815301076,1909f56bfc062723c751e8b465ee728b)  -> (artifact id: '135b5813783864719e8674deb51bac1c') in 0.018739 seconds
  Import took 0.021836 seconds .

========================================================================
Received Prepare
Registering precompiled user dll's ...
Registered in 0.001304 seconds.
Begin MonoManager ReloadAssembly
Native extension for WindowsStandalone target not found
Native extension for WebGL target not found
Refreshing native plugins compatible for Editor in 0.41 ms, found 1 plugins.
Preloading 0 native plugins for Editor in 0.00 ms.
Invoked RoslynAnalysisRunner static constructor.
RoslynAnalysisRunner will not be running.
RoslynAnalysisRunner has terminated.
Mono: successfully reloaded assembly
- Completed reload, in  0.823 seconds
Platform modules already initialized, skipping
Refreshing native plugins compatible for Editor in 0.33 ms, found 1 plugins.
Preloading 0 native plugins for Editor in 0.00 ms.
Unloading 1797 Unused Serialized files (Serialized files now loaded: 0)
System memory in use before: 87.7 MB.
System memory in use after: 87.7 MB.

Unloading 13 unused Assets to reduce memory usage. Loaded Objects now: 2299.
Total: 3.609200 ms (FindLiveObjects: 0.720200 ms CreateObjectMapping: 0.077900 ms MarkObjects: 2.653900 ms  DeleteObjects: 0.154800 ms)

AssetImportWorkerClient::OnTransportError - code=2 error=End of file
